<?xml version="1.0" encoding="UTF-8"?>
<testsuite xmlns:xsi="http://www.w3.org/2001/XMLSchema-instance" xsi:noNamespaceSchemaLocation="https://maven.apache.org/surefire/maven-surefire-plugin/xsd/surefire-test-report.xsd" name="model.TestDAO" time="0.528" tests="5" errors="0" skipped="0" failures="0">
  <properties>
[...]
</properties>
  <testcase name="modelUpdateTest" classname="model.TestDAO" time="0.272"/>
  <testcase name="modelGetOneTest" classname="model.TestDAO" time="0.03"/>
  <testcase name="modelGetAllTest" classname="model.TestDAO" time="0.014"/>
  <testcase name="modelExportToExcelTest" classname="model.TestDAO" time="0.147"/>
  <testcase name="createExcelFileTest" classname="model.TestDAO" time="0.018"/>
</testsuite>